<?xml version="1.0" encoding="UTF-8"?>
<testsuite name="TamagotchiTest" tests="7" skipped="0" failures="0" errors="0" timestamp="2016-04-26T23:24:40" hostname="epicodus-51.local" time="0.002">
  <properties/>
  <testcase name="Tamagotchi_getPoopCount_String" classname="TamagotchiTest" time="0.001"/>
  <testcase name="Tamagotchi_getFeedTamagotchi_Integer" classname="TamagotchiTest" time="0.0"/>
  <testcase name="Tamagotchi_instantiatesWithDescription_String" classname="TamagotchiTest" time="0.0"/>
  <testcase name="Tamagotchi_getHappinessLevel_String" classname="TamagotchiTest" time="0.0"/>
  <testcase name="Tamagotchi_getEnergyLevel_String" classname="TamagotchiTest" time="0.0"/>
  <testcase name="Tamagotchi_getHungerLevel_String" classname="TamagotchiTest" time="0.0"/>
  <testcase name="Tamagotchi_getPlayWithTamagotchi_Integer" classname="TamagotchiTest" time="0.0"/>
  <system-out><![CDATA[]]></system-out>
  <system-err><![CDATA[]]></system-err>
</testsuite>
